c:\users\nikola\documents\visual studio 2015\projects\model1\model1\x64\debug\model1.pch
c:\users\nikola\documents\visual studio 2015\projects\model1\model1\x64\debug\vc140.pdb
c:\users\nikola\documents\visual studio 2015\projects\model1\model1\x64\debug\vc140.idb
c:\users\nikola\documents\visual studio 2015\projects\model1\model1\x64\debug\stdafx.obj
c:\users\nikola\documents\visual studio 2015\projects\model1\model1\x64\debug\model1.obj
c:\users\nikola\documents\visual studio 2015\projects\model1\model1\x64\debug\processing.obj
c:\users\nikola\documents\visual studio 2015\projects\model1\model1\x64\debug\wavheader.obj
d:\aadsp2_ra122_2015\aadsp2_proj_malencic\model1\model1\x64\debug\model1.pch
d:\aadsp2_ra122_2015\aadsp2_proj_malencic\model1\model1\x64\debug\vc140.pdb
d:\aadsp2_ra122_2015\aadsp2_proj_malencic\model1\model1\x64\debug\vc140.idb
d:\aadsp2_ra122_2015\aadsp2_proj_malencic\model1\model1\x64\debug\stdafx.obj
d:\aadsp2_ra122_2015\aadsp2_proj_malencic\model1\model1\x64\debug\model1.obj
d:\aadsp2_ra122_2015\aadsp2_proj_malencic\model1\model1\x64\debug\processing.obj
d:\aadsp2_ra122_2015\aadsp2_proj_malencic\model1\model1\x64\debug\wavheader.obj
c:\users\nikola\documents\visual studio 2015\projects\model1\x64\debug\model1.ilk
c:\users\nikola\documents\visual studio 2015\projects\model1\x64\debug\model1.exe
c:\users\nikola\documents\visual studio 2015\projects\model1\x64\debug\model1.pdb
d:\aadsp2_ra122_2015\aadsp2_proj_malencic\model1\x64\debug\model1.ilk
d:\aadsp2_ra122_2015\aadsp2_proj_malencic\model1\x64\debug\model1.exe
d:\aadsp2_ra122_2015\aadsp2_proj_malencic\model1\x64\debug\model1.pdb
d:\aadsp2_ra122_2015\aadsp2_proj_malencic\model1\model1\x64\debug\model1.tlog\cl.command.1.tlog
d:\aadsp2_ra122_2015\aadsp2_proj_malencic\model1\model1\x64\debug\model1.tlog\cl.read.1.tlog
d:\aadsp2_ra122_2015\aadsp2_proj_malencic\model1\model1\x64\debug\model1.tlog\cl.write.1.tlog
d:\aadsp2_ra122_2015\aadsp2_proj_malencic\model1\model1\x64\debug\model1.tlog\link.command.1.tlog
d:\aadsp2_ra122_2015\aadsp2_proj_malencic\model1\model1\x64\debug\model1.tlog\link.read.1.tlog
d:\aadsp2_ra122_2015\aadsp2_proj_malencic\model1\model1\x64\debug\model1.tlog\link.write.1.tlog
