c:\users\nikola\documents\visual studio 2015\projects\model0\model0\debug\model0.pch
c:\users\nikola\documents\visual studio 2015\projects\model0\model0\debug\vc140.pdb
c:\users\nikola\documents\visual studio 2015\projects\model0\model0\debug\vc140.idb
c:\users\nikola\documents\visual studio 2015\projects\model0\model0\debug\stdafx.obj
c:\users\nikola\documents\visual studio 2015\projects\model0\model0\debug\model0.obj
c:\users\nikola\documents\visual studio 2015\projects\model0\model0\debug\processing.obj
c:\users\nikola\documents\visual studio 2015\projects\model0\model0\debug\wavheader.obj
c:\users\nikola\documents\fax\aadsp2-sve\aadsp2_proj_malencic\model0\model0\debug\model0.pch
c:\users\nikola\documents\fax\aadsp2-sve\aadsp2_proj_malencic\model0\model0\debug\vc140.pdb
c:\users\nikola\documents\fax\aadsp2-sve\aadsp2_proj_malencic\model0\model0\debug\vc140.idb
c:\users\nikola\documents\fax\aadsp2-sve\aadsp2_proj_malencic\model0\model0\debug\stdafx.obj
c:\users\nikola\documents\fax\aadsp2-sve\aadsp2_proj_malencic\model0\model0\debug\model0.obj
c:\users\nikola\documents\fax\aadsp2-sve\aadsp2_proj_malencic\model0\model0\debug\processing.obj
c:\users\nikola\documents\fax\aadsp2-sve\aadsp2_proj_malencic\model0\model0\debug\wavheader.obj
c:\users\nikola\documents\visual studio 2015\projects\model0\debug\model0.ilk
c:\users\nikola\documents\visual studio 2015\projects\model0\debug\model0.exe
c:\users\nikola\documents\visual studio 2015\projects\model0\debug\model0.pdb
c:\users\nikola\documents\fax\aadsp2-sve\aadsp2_proj_malencic\model0\debug\model0.ilk
c:\users\nikola\documents\fax\aadsp2-sve\aadsp2_proj_malencic\model0\debug\model0.exe
c:\users\nikola\documents\fax\aadsp2-sve\aadsp2_proj_malencic\model0\debug\model0.pdb
c:\users\nikola\documents\fax\aadsp2-sve\aadsp2_proj_malencic\model0\model0\debug\model0.tlog\cl.command.1.tlog
c:\users\nikola\documents\fax\aadsp2-sve\aadsp2_proj_malencic\model0\model0\debug\model0.tlog\cl.read.1.tlog
c:\users\nikola\documents\fax\aadsp2-sve\aadsp2_proj_malencic\model0\model0\debug\model0.tlog\cl.write.1.tlog
c:\users\nikola\documents\fax\aadsp2-sve\aadsp2_proj_malencic\model0\model0\debug\model0.tlog\link.command.1.tlog
c:\users\nikola\documents\fax\aadsp2-sve\aadsp2_proj_malencic\model0\model0\debug\model0.tlog\link.read.1.tlog
c:\users\nikola\documents\fax\aadsp2-sve\aadsp2_proj_malencic\model0\model0\debug\model0.tlog\link.write.1.tlog
