d:\temp\multitapecho\multitapecho_model2\debug\fixed_point_math.obj
d:\temp\multitapecho\multitapecho_model2\debug\main.obj
d:\temp\multitapecho\multitapecho_model2\debug\stdfix_emu.obj
d:\temp\multitapecho\multitapecho_model2\debug\wavheader.obj
d:\temp\multitapecho\multitapecho_model2\debug\vc100.pdb
d:\temp\multitapecho\debug\multitapecho_model2.ilk
d:\temp\multitapecho\debug\multitapecho_model2.exe
d:\temp\multitapecho\multitapecho_model2\debug\multitapecho_model2.exe.intermediate.manifest
d:\temp\multitapecho\debug\multitapecho_model2.pdb
d:\temp\multitapecho\multitapecho_model2\debug\multitapecho_model2.exe.embed.manifest
d:\temp\multitapecho\multitapecho_model2\debug\multitapecho_model2.exe.embed.manifest.res
d:\temp\multitapecho\multitapecho_model2\debug\vc140.pdb
d:\temp\multitapecho\multitapecho_model2\debug\vc140.idb
d:\temp\multitapecho\multitapecho_model2\debug\multitapecho_model2.vcxprojresolveassemblyreference.cache
d:\temp\multitapecho\multitapecho_model2\debug\cl.command.1.tlog
d:\temp\multitapecho\multitapecho_model2\debug\cl.read.1.tlog
d:\temp\multitapecho\multitapecho_model2\debug\cl.write.1.tlog
d:\temp\multitapecho\multitapecho_model2\debug\link-cvtres.read.1.tlog
d:\temp\multitapecho\multitapecho_model2\debug\link-cvtres.write.1.tlog
d:\temp\multitapecho\multitapecho_model2\debug\link.2392-cvtres.read.1.tlog
d:\temp\multitapecho\multitapecho_model2\debug\link.2392-cvtres.write.1.tlog
d:\temp\multitapecho\multitapecho_model2\debug\link.2392.read.1.tlog
d:\temp\multitapecho\multitapecho_model2\debug\link.2392.write.1.tlog
d:\temp\multitapecho\multitapecho_model2\debug\link.command.1.tlog
d:\temp\multitapecho\multitapecho_model2\debug\link.read.1.tlog
d:\temp\multitapecho\multitapecho_model2\debug\link.write.1.tlog
d:\temp\multitapecho\multitapecho_model2\debug\mt.command.1.tlog
d:\temp\multitapecho\multitapecho_model2\debug\mt.read.1.tlog
d:\temp\multitapecho\multitapecho_model2\debug\mt.write.1.tlog
d:\temp\multitapecho\multitapecho_model2\debug\multitapecho_model2.write.1.tlog
d:\temp\multitapecho\multitapecho_model2\debug\rc.command.1.tlog
d:\temp\multitapecho\multitapecho_model2\debug\rc.read.1.tlog
d:\temp\multitapecho\multitapecho_model2\debug\rc.write.1.tlog
d:\temp\multitapecho\multitapecho_model2\debug\vc100.idb
d:\temp\multitapecho\multitapecho_model2\debug\multitapecho_model2_manifest.rc
d:\temp\multitapecho\multitapecho_model2\debug\multitap.267c7232.tlog\cl.command.1.tlog
d:\temp\multitapecho\multitapecho_model2\debug\multitap.267c7232.tlog\cl.read.1.tlog
d:\temp\multitapecho\multitapecho_model2\debug\multitap.267c7232.tlog\cl.write.1.tlog
d:\temp\multitapecho\multitapecho_model2\debug\multitap.267c7232.tlog\link-cvtres.read.1.tlog
d:\temp\multitapecho\multitapecho_model2\debug\multitap.267c7232.tlog\link-cvtres.write.1.tlog
d:\temp\multitapecho\multitapecho_model2\debug\multitap.267c7232.tlog\link-rc.read.1.tlog
d:\temp\multitapecho\multitapecho_model2\debug\multitap.267c7232.tlog\link-rc.write.1.tlog
d:\temp\multitapecho\multitapecho_model2\debug\multitap.267c7232.tlog\link.command.1.tlog
d:\temp\multitapecho\multitapecho_model2\debug\multitap.267c7232.tlog\link.read.1.tlog
d:\temp\multitapecho\multitapecho_model2\debug\multitap.267c7232.tlog\link.write.1.tlog
